2020-10-24 21:57:33.756  INFO 93791 --- [main] c.t.springboot.SpringbootApplication     : Starting SpringbootApplication on Giyeon-MacBookPro.local with PID 93791 (/Users/giyeon/Study-Repository/spring/inflearn-init/build/classes/java/main started by giyeon in /Users/giyeon/Study-Repository/spring/inflearn-init)
2020-10-24 21:57:33.759  INFO 93791 --- [main] c.t.springboot.SpringbootApplication     : The following profiles are active: dev
2020-10-24 21:57:34.512  INFO 93791 --- [main] o.s.b.w.embedded.tomcat.TomcatWebServer  : Tomcat initialized with port(s): 8080 (http)
2020-10-24 21:57:34.520  INFO 93791 --- [main] o.apache.catalina.core.StandardService   : Starting service [Tomcat]
2020-10-24 21:57:34.521  INFO 93791 --- [main] org.apache.catalina.core.StandardEngine  : Starting Servlet engine: [Apache Tomcat/9.0.38]
2020-10-24 21:57:34.579  INFO 93791 --- [main] o.a.c.c.C.[Tomcat].[localhost].[/]       : Initializing Spring embedded WebApplicationContext
2020-10-24 21:57:34.579  INFO 93791 --- [main] w.s.c.ServletWebServerApplicationContext : Root WebApplicationContext: initialization completed in 772 ms
2020-10-24 21:57:34.751  INFO 93791 --- [main] o.s.s.concurrent.ThreadPoolTaskExecutor  : Initializing ExecutorService 'applicationTaskExecutor'
2020-10-24 21:57:34.914  INFO 93791 --- [main] o.s.b.w.embedded.tomcat.TomcatWebServer  : Tomcat started on port(s): 8080 (http) with context path ''
2020-10-24 21:57:34.925  INFO 93791 --- [main] c.t.springboot.SpringbootApplication     : Started SpringbootApplication in 1.52 seconds (JVM running for 2.098)
2020-10-24 21:58:10.032  INFO 93791 --- [SpringContextShutdownHook] o.s.s.concurrent.ThreadPoolTaskExecutor  : Shutting down ExecutorService 'applicationTaskExecutor'
2020-10-24 22:05:01.773 ERROR 94070 --- [main] o.s.boot.SpringApplication               : Application run failed

org.springframework.boot.context.properties.bind.BindException: Failed to bind properties under 'logging.level' to java.util.Map<java.lang.String, org.springframework.boot.logging.LogLevel>
	at org.springframework.boot.context.properties.bind.Binder.handleBindError(Binder.java:363) ~[spring-boot-2.3.4.RELEASE.jar:2.3.4.RELEASE]
	at org.springframework.boot.context.properties.bind.Binder.bind(Binder.java:323) ~[spring-boot-2.3.4.RELEASE.jar:2.3.4.RELEASE]
	at org.springframework.boot.context.properties.bind.Binder.bind(Binder.java:308) ~[spring-boot-2.3.4.RELEASE.jar:2.3.4.RELEASE]
	at org.springframework.boot.context.properties.bind.Binder.bind(Binder.java:238) ~[spring-boot-2.3.4.RELEASE.jar:2.3.4.RELEASE]
	at org.springframework.boot.context.properties.bind.Binder.bind(Binder.java:212) ~[spring-boot-2.3.4.RELEASE.jar:2.3.4.RELEASE]
	at org.springframework.boot.context.logging.LoggingApplicationListener.setLogLevels(LoggingApplicationListener.java:368) ~[spring-boot-2.3.4.RELEASE.jar:2.3.4.RELEASE]
	at org.springframework.boot.context.logging.LoggingApplicationListener.initializeFinalLoggingLevels(LoggingApplicationListener.java:335) ~[spring-boot-2.3.4.RELEASE.jar:2.3.4.RELEASE]
	at org.springframework.boot.context.logging.LoggingApplicationListener.initialize(LoggingApplicationListener.java:282) ~[spring-boot-2.3.4.RELEASE.jar:2.3.4.RELEASE]
	at org.springframework.boot.context.logging.LoggingApplicationListener.onApplicationEnvironmentPreparedEvent(LoggingApplicationListener.java:239) ~[spring-boot-2.3.4.RELEASE.jar:2.3.4.RELEASE]
	at org.springframework.boot.context.logging.LoggingApplicationListener.onApplicationEvent(LoggingApplicationListener.java:216) ~[spring-boot-2.3.4.RELEASE.jar:2.3.4.RELEASE]
	at org.springframework.context.event.SimpleApplicationEventMulticaster.doInvokeListener(SimpleApplicationEventMulticaster.java:172) ~[spring-context-5.2.9.RELEASE.jar:5.2.9.RELEASE]
	at org.springframework.context.event.SimpleApplicationEventMulticaster.invokeListener(SimpleApplicationEventMulticaster.java:165) ~[spring-context-5.2.9.RELEASE.jar:5.2.9.RELEASE]
	at org.springframework.context.event.SimpleApplicationEventMulticaster.multicastEvent(SimpleApplicationEventMulticaster.java:139) ~[spring-context-5.2.9.RELEASE.jar:5.2.9.RELEASE]
	at org.springframework.context.event.SimpleApplicationEventMulticaster.multicastEvent(SimpleApplicationEventMulticaster.java:127) ~[spring-context-5.2.9.RELEASE.jar:5.2.9.RELEASE]
	at org.springframework.boot.context.event.EventPublishingRunListener.environmentPrepared(EventPublishingRunListener.java:80) ~[spring-boot-2.3.4.RELEASE.jar:2.3.4.RELEASE]
	at org.springframework.boot.SpringApplicationRunListeners.environmentPrepared(SpringApplicationRunListeners.java:53) ~[spring-boot-2.3.4.RELEASE.jar:2.3.4.RELEASE]
	at org.springframework.boot.SpringApplication.prepareEnvironment(SpringApplication.java:345) ~[spring-boot-2.3.4.RELEASE.jar:2.3.4.RELEASE]
	at org.springframework.boot.SpringApplication.run(SpringApplication.java:308) ~[spring-boot-2.3.4.RELEASE.jar:2.3.4.RELEASE]
	at com.train.springboot.SpringbootApplication.main(SpringbootApplication.java:11) ~[main/:na]
Caused by: org.springframework.core.convert.ConverterNotFoundException: No converter found capable of converting from type [java.lang.String] to type [java.util.Map<java.lang.String, org.springframework.boot.logging.LogLevel>]
	at org.springframework.core.convert.support.GenericConversionService.handleConverterNotFound(GenericConversionService.java:321) ~[spring-core-5.2.9.RELEASE.jar:5.2.9.RELEASE]
	at org.springframework.core.convert.support.GenericConversionService.convert(GenericConversionService.java:194) ~[spring-core-5.2.9.RELEASE.jar:5.2.9.RELEASE]
	at org.springframework.boot.context.properties.bind.BindConverter$CompositeConversionService.convert(BindConverter.java:170) ~[spring-boot-2.3.4.RELEASE.jar:2.3.4.RELEASE]
	at org.springframework.boot.context.properties.bind.BindConverter.convert(BindConverter.java:96) ~[spring-boot-2.3.4.RELEASE.jar:2.3.4.RELEASE]
	at org.springframework.boot.context.properties.bind.BindConverter.convert(BindConverter.java:88) ~[spring-boot-2.3.4.RELEASE.jar:2.3.4.RELEASE]
	at org.springframework.boot.context.properties.bind.MapBinder.bindAggregate(MapBinder.java:64) ~[spring-boot-2.3.4.RELEASE.jar:2.3.4.RELEASE]
	at org.springframework.boot.context.properties.bind.AggregateBinder.bind(AggregateBinder.java:56) ~[spring-boot-2.3.4.RELEASE.jar:2.3.4.RELEASE]
	at org.springframework.boot.context.properties.bind.Binder.lambda$bindAggregate$3(Binder.java:414) ~[spring-boot-2.3.4.RELEASE.jar:2.3.4.RELEASE]
	at org.springframework.boot.context.properties.bind.Binder$Context.withIncreasedDepth(Binder.java:571) ~[spring-boot-2.3.4.RELEASE.jar:2.3.4.RELEASE]
	at org.springframework.boot.context.properties.bind.Binder$Context.access$100(Binder.java:512) ~[spring-boot-2.3.4.RELEASE.jar:2.3.4.RELEASE]
	at org.springframework.boot.context.properties.bind.Binder.bindAggregate(Binder.java:414) ~[spring-boot-2.3.4.RELEASE.jar:2.3.4.RELEASE]
	at org.springframework.boot.context.properties.bind.Binder.bindObject(Binder.java:375) ~[spring-boot-2.3.4.RELEASE.jar:2.3.4.RELEASE]
	at org.springframework.boot.context.properties.bind.Binder.bind(Binder.java:319) ~[spring-boot-2.3.4.RELEASE.jar:2.3.4.RELEASE]
	... 17 common frames omitted

2020-10-24 22:06:29.878 ERROR 94083 --- [main] o.s.boot.SpringApplication               : Application run failed

org.springframework.boot.context.properties.bind.BindException: Failed to bind properties under 'logging.level' to java.util.Map<java.lang.String, org.springframework.boot.logging.LogLevel>
	at org.springframework.boot.context.properties.bind.Binder.handleBindError(Binder.java:363) ~[spring-boot-2.3.4.RELEASE.jar:2.3.4.RELEASE]
	at org.springframework.boot.context.properties.bind.Binder.bind(Binder.java:323) ~[spring-boot-2.3.4.RELEASE.jar:2.3.4.RELEASE]
	at org.springframework.boot.context.properties.bind.Binder.bind(Binder.java:308) ~[spring-boot-2.3.4.RELEASE.jar:2.3.4.RELEASE]
	at org.springframework.boot.context.properties.bind.Binder.bind(Binder.java:238) ~[spring-boot-2.3.4.RELEASE.jar:2.3.4.RELEASE]
	at org.springframework.boot.context.properties.bind.Binder.bind(Binder.java:212) ~[spring-boot-2.3.4.RELEASE.jar:2.3.4.RELEASE]
	at org.springframework.boot.context.logging.LoggingApplicationListener.setLogLevels(LoggingApplicationListener.java:368) ~[spring-boot-2.3.4.RELEASE.jar:2.3.4.RELEASE]
	at org.springframework.boot.context.logging.LoggingApplicationListener.initializeFinalLoggingLevels(LoggingApplicationListener.java:335) ~[spring-boot-2.3.4.RELEASE.jar:2.3.4.RELEASE]
	at org.springframework.boot.context.logging.LoggingApplicationListener.initialize(LoggingApplicationListener.java:282) ~[spring-boot-2.3.4.RELEASE.jar:2.3.4.RELEASE]
	at org.springframework.boot.context.logging.LoggingApplicationListener.onApplicationEnvironmentPreparedEvent(LoggingApplicationListener.java:239) ~[spring-boot-2.3.4.RELEASE.jar:2.3.4.RELEASE]
	at org.springframework.boot.context.logging.LoggingApplicationListener.onApplicationEvent(LoggingApplicationListener.java:216) ~[spring-boot-2.3.4.RELEASE.jar:2.3.4.RELEASE]
	at org.springframework.context.event.SimpleApplicationEventMulticaster.doInvokeListener(SimpleApplicationEventMulticaster.java:172) ~[spring-context-5.2.9.RELEASE.jar:5.2.9.RELEASE]
	at org.springframework.context.event.SimpleApplicationEventMulticaster.invokeListener(SimpleApplicationEventMulticaster.java:165) ~[spring-context-5.2.9.RELEASE.jar:5.2.9.RELEASE]
	at org.springframework.context.event.SimpleApplicationEventMulticaster.multicastEvent(SimpleApplicationEventMulticaster.java:139) ~[spring-context-5.2.9.RELEASE.jar:5.2.9.RELEASE]
	at org.springframework.context.event.SimpleApplicationEventMulticaster.multicastEvent(SimpleApplicationEventMulticaster.java:127) ~[spring-context-5.2.9.RELEASE.jar:5.2.9.RELEASE]
	at org.springframework.boot.context.event.EventPublishingRunListener.environmentPrepared(EventPublishingRunListener.java:80) ~[spring-boot-2.3.4.RELEASE.jar:2.3.4.RELEASE]
	at org.springframework.boot.SpringApplicationRunListeners.environmentPrepared(SpringApplicationRunListeners.java:53) ~[spring-boot-2.3.4.RELEASE.jar:2.3.4.RELEASE]
	at org.springframework.boot.SpringApplication.prepareEnvironment(SpringApplication.java:345) ~[spring-boot-2.3.4.RELEASE.jar:2.3.4.RELEASE]
	at org.springframework.boot.SpringApplication.run(SpringApplication.java:308) ~[spring-boot-2.3.4.RELEASE.jar:2.3.4.RELEASE]
	at com.train.springboot.SpringbootApplication.main(SpringbootApplication.java:13) ~[main/:na]
Caused by: org.springframework.core.convert.ConverterNotFoundException: No converter found capable of converting from type [java.lang.String] to type [java.util.Map<java.lang.String, org.springframework.boot.logging.LogLevel>]
	at org.springframework.core.convert.support.GenericConversionService.handleConverterNotFound(GenericConversionService.java:321) ~[spring-core-5.2.9.RELEASE.jar:5.2.9.RELEASE]
	at org.springframework.core.convert.support.GenericConversionService.convert(GenericConversionService.java:194) ~[spring-core-5.2.9.RELEASE.jar:5.2.9.RELEASE]
	at org.springframework.boot.context.properties.bind.BindConverter$CompositeConversionService.convert(BindConverter.java:170) ~[spring-boot-2.3.4.RELEASE.jar:2.3.4.RELEASE]
	at org.springframework.boot.context.properties.bind.BindConverter.convert(BindConverter.java:96) ~[spring-boot-2.3.4.RELEASE.jar:2.3.4.RELEASE]
	at org.springframework.boot.context.properties.bind.BindConverter.convert(BindConverter.java:88) ~[spring-boot-2.3.4.RELEASE.jar:2.3.4.RELEASE]
	at org.springframework.boot.context.properties.bind.MapBinder.bindAggregate(MapBinder.java:64) ~[spring-boot-2.3.4.RELEASE.jar:2.3.4.RELEASE]
	at org.springframework.boot.context.properties.bind.AggregateBinder.bind(AggregateBinder.java:56) ~[spring-boot-2.3.4.RELEASE.jar:2.3.4.RELEASE]
	at org.springframework.boot.context.properties.bind.Binder.lambda$bindAggregate$3(Binder.java:414) ~[spring-boot-2.3.4.RELEASE.jar:2.3.4.RELEASE]
	at org.springframework.boot.context.properties.bind.Binder$Context.withIncreasedDepth(Binder.java:571) ~[spring-boot-2.3.4.RELEASE.jar:2.3.4.RELEASE]
	at org.springframework.boot.context.properties.bind.Binder$Context.access$100(Binder.java:512) ~[spring-boot-2.3.4.RELEASE.jar:2.3.4.RELEASE]
	at org.springframework.boot.context.properties.bind.Binder.bindAggregate(Binder.java:414) ~[spring-boot-2.3.4.RELEASE.jar:2.3.4.RELEASE]
	at org.springframework.boot.context.properties.bind.Binder.bindObject(Binder.java:375) ~[spring-boot-2.3.4.RELEASE.jar:2.3.4.RELEASE]
	at org.springframework.boot.context.properties.bind.Binder.bind(Binder.java:319) ~[spring-boot-2.3.4.RELEASE.jar:2.3.4.RELEASE]
	... 17 common frames omitted

2020-10-24 22:06:49.779  INFO 94091 --- [main] c.t.springboot.SpringbootApplication     : Starting SpringbootApplication on Giyeon-MacBookPro.local with PID 94091 (/Users/giyeon/Study-Repository/spring/inflearn-init/build/classes/java/main started by giyeon in /Users/giyeon/Study-Repository/spring/inflearn-init)
2020-10-24 22:06:49.781  INFO 94091 --- [main] c.t.springboot.SpringbootApplication     : The following profiles are active: dev
2020-10-24 22:06:50.258  WARN 94091 --- [main] s.c.a.AnnotationConfigApplicationContext : Exception encountered during context initialization - cancelling refresh attempt: org.springframework.beans.factory.UnsatisfiedDependencyException: Error creating bean with name 'sampleListener': Unsatisfied dependency expressed through field 'serverProperties'; nested exception is org.springframework.beans.factory.NoSuchBeanDefinitionException: No qualifying bean of type 'org.springframework.boot.autoconfigure.web.ServerProperties' available: expected at least 1 bean which qualifies as autowire candidate. Dependency annotations: {@org.springframework.beans.factory.annotation.Autowired(required=true)}
2020-10-24 22:06:50.264  INFO 94091 --- [main] ConditionEvaluationReportLoggingListener : 

Error starting ApplicationContext. To display the conditions report re-run your application with 'debug' enabled.
2020-10-24 22:06:50.337 ERROR 94091 --- [main] o.s.b.d.LoggingFailureAnalysisReporter   : 

***************************
APPLICATION FAILED TO START
***************************

Description:

Field serverProperties in com.train.springboot.SampleListener required a bean of type 'org.springframework.boot.autoconfigure.web.ServerProperties' that could not be found.

The injection point has the following annotations:
	- @org.springframework.beans.factory.annotation.Autowired(required=true)


Action:

Consider defining a bean of type 'org.springframework.boot.autoconfigure.web.ServerProperties' in your configuration.

2020-10-24 22:07:00.544  INFO 94095 --- [main] c.t.springboot.SpringbootApplication     : Starting SpringbootApplication on Giyeon-MacBookPro.local with PID 94095 (/Users/giyeon/Study-Repository/spring/inflearn-init/build/classes/java/main started by giyeon in /Users/giyeon/Study-Repository/spring/inflearn-init)
2020-10-24 22:07:00.546  INFO 94095 --- [main] c.t.springboot.SpringbootApplication     : The following profiles are active: dev
2020-10-24 22:07:00.886  WARN 94095 --- [main] s.c.a.AnnotationConfigApplicationContext : Exception encountered during context initialization - cancelling refresh attempt: org.springframework.beans.factory.UnsatisfiedDependencyException: Error creating bean with name 'sampleListener': Unsatisfied dependency expressed through field 'serverProperties'; nested exception is org.springframework.beans.factory.NoSuchBeanDefinitionException: No qualifying bean of type 'org.springframework.boot.autoconfigure.web.ServerProperties' available: expected at least 1 bean which qualifies as autowire candidate. Dependency annotations: {@org.springframework.beans.factory.annotation.Autowired(required=true)}
2020-10-24 22:07:00.892  INFO 94095 --- [main] ConditionEvaluationReportLoggingListener : 

Error starting ApplicationContext. To display the conditions report re-run your application with 'debug' enabled.
2020-10-24 22:07:00.946 ERROR 94095 --- [main] o.s.b.d.LoggingFailureAnalysisReporter   : 

***************************
APPLICATION FAILED TO START
***************************

Description:

Field serverProperties in com.train.springboot.SampleListener required a bean of type 'org.springframework.boot.autoconfigure.web.ServerProperties' that could not be found.

The injection point has the following annotations:
	- @org.springframework.beans.factory.annotation.Autowired(required=true)


Action:

Consider defining a bean of type 'org.springframework.boot.autoconfigure.web.ServerProperties' in your configuration.

2020-10-24 22:07:17.775  INFO 94099 --- [main] c.t.springboot.SpringbootApplication     : Starting SpringbootApplication on Giyeon-MacBookPro.local with PID 94099 (/Users/giyeon/Study-Repository/spring/inflearn-init/build/classes/java/main started by giyeon in /Users/giyeon/Study-Repository/spring/inflearn-init)
2020-10-24 22:07:17.777  INFO 94099 --- [main] c.t.springboot.SpringbootApplication     : The following profiles are active: dev
2020-10-24 22:07:18.333  INFO 94099 --- [main] o.s.b.w.embedded.tomcat.TomcatWebServer  : Tomcat initialized with port(s): 8080 (http)
2020-10-24 22:07:18.340  INFO 94099 --- [main] o.apache.catalina.core.StandardService   : Starting service [Tomcat]
2020-10-24 22:07:18.341  INFO 94099 --- [main] org.apache.catalina.core.StandardEngine  : Starting Servlet engine: [Apache Tomcat/9.0.38]
2020-10-24 22:07:18.393  INFO 94099 --- [main] o.a.c.c.C.[Tomcat].[localhost].[/]       : Initializing Spring embedded WebApplicationContext
2020-10-24 22:07:18.393  INFO 94099 --- [main] w.s.c.ServletWebServerApplicationContext : Root WebApplicationContext: initialization completed in 583 ms
2020-10-24 22:07:18.530  INFO 94099 --- [main] o.s.s.concurrent.ThreadPoolTaskExecutor  : Initializing ExecutorService 'applicationTaskExecutor'
2020-10-24 22:07:18.656  INFO 94099 --- [main] o.s.b.w.embedded.tomcat.TomcatWebServer  : Tomcat started on port(s): 8080 (http) with context path ''
2020-10-24 22:07:18.665  INFO 94099 --- [main] c.t.springboot.SpringbootApplication     : Started SpringbootApplication in 1.123 seconds (JVM running for 1.568)
2020-10-24 22:07:31.621  INFO 94099 --- [SpringContextShutdownHook] o.s.s.concurrent.ThreadPoolTaskExecutor  : Shutting down ExecutorService 'applicationTaskExecutor'
2020-10-24 22:07:34.273  INFO 94105 --- [main] c.t.springboot.SpringbootApplication     : Starting SpringbootApplication on Giyeon-MacBookPro.local with PID 94105 (/Users/giyeon/Study-Repository/spring/inflearn-init/build/classes/java/main started by giyeon in /Users/giyeon/Study-Repository/spring/inflearn-init)
2020-10-24 22:07:34.275  INFO 94105 --- [main] c.t.springboot.SpringbootApplication     : The following profiles are active: dev
2020-10-24 22:07:34.650  WARN 94105 --- [main] s.c.a.AnnotationConfigApplicationContext : Exception encountered during context initialization - cancelling refresh attempt: org.springframework.beans.factory.UnsatisfiedDependencyException: Error creating bean with name 'sampleListener': Unsatisfied dependency expressed through field 'serverProperties'; nested exception is org.springframework.beans.factory.NoSuchBeanDefinitionException: No qualifying bean of type 'org.springframework.boot.autoconfigure.web.ServerProperties' available: expected at least 1 bean which qualifies as autowire candidate. Dependency annotations: {@org.springframework.beans.factory.annotation.Autowired(required=true)}
2020-10-24 22:07:34.656  INFO 94105 --- [main] ConditionEvaluationReportLoggingListener : 

Error starting ApplicationContext. To display the conditions report re-run your application with 'debug' enabled.
2020-10-24 22:07:34.710 ERROR 94105 --- [main] o.s.b.d.LoggingFailureAnalysisReporter   : 

***************************
APPLICATION FAILED TO START
***************************

Description:

Field serverProperties in com.train.springboot.SampleListener required a bean of type 'org.springframework.boot.autoconfigure.web.ServerProperties' that could not be found.

The injection point has the following annotations:
	- @org.springframework.beans.factory.annotation.Autowired(required=true)


Action:

Consider defining a bean of type 'org.springframework.boot.autoconfigure.web.ServerProperties' in your configuration.

2020-10-24 22:09:04.011  INFO 94113 --- [main] c.t.springboot.SpringbootApplication     : Starting SpringbootApplication on Giyeon-MacBookPro.local with PID 94113 (/Users/giyeon/Study-Repository/spring/inflearn-init/build/classes/java/main started by giyeon in /Users/giyeon/Study-Repository/spring/inflearn-init)
2020-10-24 22:09:04.012  INFO 94113 --- [main] c.t.springboot.SpringbootApplication     : The following profiles are active: dev
2020-10-24 22:09:04.480  INFO 94113 --- [main] c.t.springboot.SpringbootApplication     : Started SpringbootApplication in 0.708 seconds (JVM running for 1.175)
2020-10-24 22:09:21.723  INFO 94130 --- [main] c.t.springboot.SpringbootApplication     : Starting SpringbootApplication on Giyeon-MacBookPro.local with PID 94130 (/Users/giyeon/Study-Repository/spring/inflearn-init/build/classes/java/main started by giyeon in /Users/giyeon/Study-Repository/spring/inflearn-init)
2020-10-24 22:09:21.725  INFO 94130 --- [main] c.t.springboot.SpringbootApplication     : The following profiles are active: dev
2020-10-24 22:09:22.076  WARN 94130 --- [main] s.c.a.AnnotationConfigApplicationContext : Exception encountered during context initialization - cancelling refresh attempt: org.springframework.beans.factory.UnsatisfiedDependencyException: Error creating bean with name 'sampleListener': Unsatisfied dependency expressed through field 'serverProperties'; nested exception is org.springframework.beans.factory.NoSuchBeanDefinitionException: No qualifying bean of type 'org.springframework.boot.autoconfigure.web.ServerProperties' available: expected at least 1 bean which qualifies as autowire candidate. Dependency annotations: {@org.springframework.beans.factory.annotation.Autowired(required=true)}
2020-10-24 22:09:22.082  INFO 94130 --- [main] ConditionEvaluationReportLoggingListener : 

Error starting ApplicationContext. To display the conditions report re-run your application with 'debug' enabled.
2020-10-24 22:09:22.141 ERROR 94130 --- [main] o.s.b.d.LoggingFailureAnalysisReporter   : 

***************************
APPLICATION FAILED TO START
***************************

Description:

Field serverProperties in com.train.springboot.SampleListener required a bean of type 'org.springframework.boot.autoconfigure.web.ServerProperties' that could not be found.

The injection point has the following annotations:
	- @org.springframework.beans.factory.annotation.Autowired(required=true)


Action:

Consider defining a bean of type 'org.springframework.boot.autoconfigure.web.ServerProperties' in your configuration.

2020-10-24 22:09:58.976  INFO 94140 --- [main] c.t.springboot.SpringbootApplication     : Starting SpringbootApplication on Giyeon-MacBookPro.local with PID 94140 (/Users/giyeon/Study-Repository/spring/inflearn-init/build/classes/java/main started by giyeon in /Users/giyeon/Study-Repository/spring/inflearn-init)
2020-10-24 22:09:58.977  INFO 94140 --- [main] c.t.springboot.SpringbootApplication     : The following profiles are active: dev
2020-10-24 22:09:59.628  INFO 94140 --- [main] c.t.springboot.SpringbootApplication     : Started SpringbootApplication in 0.895 seconds (JVM running for 1.379)
2020-10-24 22:13:41.342  INFO 94180 --- [main] c.t.springboot.SpringbootApplication     : Starting SpringbootApplication on Giyeon-MacBookPro.local with PID 94180 (/Users/giyeon/Study-Repository/spring/inflearn-init/build/classes/java/main started by giyeon in /Users/giyeon/Study-Repository/spring/inflearn-init)
2020-10-24 22:13:41.343 DEBUG 94180 --- [main] c.t.springboot.SpringbootApplication     : Running with Spring Boot v2.3.4.RELEASE, Spring v5.2.9.RELEASE
2020-10-24 22:13:41.344  INFO 94180 --- [main] c.t.springboot.SpringbootApplication     : The following profiles are active: dev
2020-10-24 22:13:41.802  INFO 94180 --- [main] c.t.springboot.SpringbootApplication     : Started SpringbootApplication in 0.784 seconds (JVM running for 1.271)
2020-10-24 22:14:20.942  INFO 94187 --- [main] c.t.springboot.SpringbootApplication     : Starting SpringbootApplication on Giyeon-MacBookPro.local with PID 94187 (/Users/giyeon/Study-Repository/spring/inflearn-init/build/classes/java/main started by giyeon in /Users/giyeon/Study-Repository/spring/inflearn-init)
2020-10-24 22:14:20.944  INFO 94187 --- [main] c.t.springboot.SpringbootApplication     : The following profiles are active: dev
2020-10-24 22:14:21.473  INFO 94187 --- [main] c.t.springboot.SpringbootApplication     : Started SpringbootApplication in 0.875 seconds (JVM running for 1.418)
2020-10-24 22:14:29.052  INFO 94195 --- [main] c.t.springboot.SpringbootApplication     : Starting SpringbootApplication on Giyeon-MacBookPro.local with PID 94195 (/Users/giyeon/Study-Repository/spring/inflearn-init/build/classes/java/main started by giyeon in /Users/giyeon/Study-Repository/spring/inflearn-init)
2020-10-24 22:14:29.054 DEBUG 94195 --- [main] c.t.springboot.SpringbootApplication     : Running with Spring Boot v2.3.4.RELEASE, Spring v5.2.9.RELEASE
2020-10-24 22:14:29.054  INFO 94195 --- [main] c.t.springboot.SpringbootApplication     : The following profiles are active: dev
2020-10-24 22:14:29.538  INFO 94195 --- [main] c.t.springboot.SpringbootApplication     : Started SpringbootApplication in 0.807 seconds (JVM running for 1.319)
2020-10-24 22:24:49.572  INFO 94269 --- [Test worker] c.t.s.SpringbootApplicationTests         : Starting SpringbootApplicationTests on Giyeon-MacBookPro.local with PID 94269 (started by giyeon in /Users/giyeon/Study-Repository/spring/inflearn-init)
2020-10-24 22:24:49.572 DEBUG 94269 --- [Test worker] c.t.s.SpringbootApplicationTests         : Running with Spring Boot v2.3.4.RELEASE, Spring v5.2.9.RELEASE
2020-10-24 22:24:49.573  INFO 94269 --- [Test worker] c.t.s.SpringbootApplicationTests         : No active profile set, falling back to default profiles: default
2020-10-24 22:24:50.528  INFO 94269 --- [Test worker] o.s.s.concurrent.ThreadPoolTaskExecutor  : Initializing ExecutorService 'applicationTaskExecutor'
2020-10-24 22:24:50.732  INFO 94269 --- [Test worker] c.t.s.SpringbootApplicationTests         : Started SpringbootApplicationTests in 1.483 seconds (JVM running for 2.413)
2020-10-24 22:24:51.087  INFO 94269 --- [SpringContextShutdownHook] o.s.s.concurrent.ThreadPoolTaskExecutor  : Shutting down ExecutorService 'applicationTaskExecutor'
